{"deviceId":"test123","level":"info","message":"Sent welcome message","response":"Welcome to the Restaurant ChatBot!\n1: Pizza ($10)\n  1: Small ($10)\n  2: Large ($15)\n2: Burger ($8)\n3: Salad ($6)\n4: Pasta ($12)\n5: Soda ($3)\n\nSelect 1 to Place an order\nSelect 99 to checkout order\nSelect 98 to see order history\nSelect 97 to see current order\nSelect 0 to cancel order","timestamp":"2025-05-07T13:54:47.983Z"}
{"level":"info","message":{"deviceId":"test123","input":"1"},"timestamp":"2025-05-07T13:54:48.972Z"}
{"deviceId":"test123","level":"info","message":"Prompted for item selection","timestamp":"2025-05-07T13:54:48.975Z"}
{"level":"info","message":{"deviceId":"test123","input":"abc"},"timestamp":"2025-05-07T13:54:49.975Z"}
{"deviceId":"test123","level":"info","message":"Sent invalid input response","response":"Invalid input: \"abc\" is not a number. Please select a valid option.","timestamp":"2025-05-07T13:54:49.977Z"}
{"deviceId":"test123","level":"info","message":"Sent welcome message","response":"Welcome to the Restaurant ChatBot!\n1: Pizza ($10)\n  1: Small ($10)\n  2: Large ($15)\n2: Burger ($8)\n3: Salad ($6)\n4: Pasta ($12)\n5: Soda ($3)\n\nSelect 1 to Place an order\nSelect 99 to checkout order\nSelect 98 to see order history\nSelect 97 to see current order\nSelect 0 to cancel order","timestamp":"2025-05-07T14:14:09.801Z"}
{"deviceId":"test123","level":"info","message":"Sent welcome message","response":"Welcome to the Restaurant ChatBot!\n1: Pizza ($10)\n  1: Small ($10)\n  2: Large ($15)\n2: Burger ($8)\n3: Salad ($6)\n4: Pasta ($12)\n5: Soda ($3)\n\nSelect 1 to Place an order\nSelect 99 to checkout order\nSelect 98 to see order history\nSelect 97 to see current order\nSelect 0 to cancel order","timestamp":"2025-05-07T14:23:19.534Z"}
{"deviceId":"test123","level":"error","message":"Invalid deviceId in message","timestamp":"2025-05-07T14:23:47.538Z"}
{"deviceId":"test123","level":"info","message":"Sent welcome message","response":"Welcome to the Restaurant ChatBot!\n1: Pizza ($10)\n  1: Small ($10)\n  2: Large ($15)\n2: Burger ($8)\n3: Salad ($6)\n4: Pasta ($12)\n5: Soda ($3)\n\nSelect 1 to Place an order\nSelect 99 to checkout order\nSelect 98 to see order history\nSelect 97 to see current order\nSelect 0 to cancel order","timestamp":"2025-05-07T14:23:52.844Z"}
{"deviceId":"test123","level":"error","message":"Invalid deviceId in message","timestamp":"2025-05-07T14:24:00.602Z"}
{"deviceId":"test123","level":"info","message":"Sent welcome message","response":"Welcome to the Restaurant ChatBot!\n1: Pizza ($10)\n  1: Small ($10)\n  2: Large ($15)\n2: Burger ($8)\n3: Salad ($6)\n4: Pasta ($12)\n5: Soda ($3)\n\nSelect 1 to Place an order\nSelect 99 to checkout order\nSelect 98 to see order history\nSelect 97 to see current order\nSelect 0 to cancel order","timestamp":"2025-05-07T14:24:03.287Z"}
{"deviceId":"test123","level":"info","message":"Sent welcome message","response":"Welcome to the Restaurant ChatBot!\n1: Pizza ($10)\n  1: Small ($10)\n  2: Large ($15)\n2: Burger ($8)\n3: Salad ($6)\n4: Pasta ($12)\n5: Soda ($3)\n\nSelect 1 to Place an order\nSelect 99 to checkout order\nSelect 98 to see order history\nSelect 97 to see current order\nSelect 0 to cancel order","timestamp":"2025-05-07T14:24:22.454Z"}
{"deviceId":"test123","level":"error","message":"Invalid deviceId in message","timestamp":"2025-05-07T14:26:29.211Z"}
{"deviceId":"test123","level":"info","message":"Sent welcome message","response":"Welcome to the Restaurant ChatBot!\n1: Pizza ($10)\n  1: Small ($10)\n  2: Large ($15)\n2: Burger ($8)\n3: Salad ($6)\n4: Pasta ($12)\n5: Soda ($3)\n\nSelect 1 to Place an order\nSelect 99 to checkout order\nSelect 98 to see order history\nSelect 97 to see current order\nSelect 0 to cancel order","timestamp":"2025-05-07T14:32:52.858Z"}
{"level":"info","message":{"deviceId":"test123","input":"1"},"timestamp":"2025-05-07T14:32:55.631Z"}
{"deviceId":"test123","level":"info","message":"Prompted for item selection","timestamp":"2025-05-07T14:32:55.634Z"}
{"level":"info","message":{"deviceId":"test123","input":"1"},"timestamp":"2025-05-07T14:33:34.826Z"}
{"deviceId":"test123","level":"info","message":"Prompted for sub-menu for item 1","timestamp":"2025-05-07T14:33:34.829Z"}
{"deviceId":"test123","level":"info","message":"Sent welcome message","response":"Welcome to the Restaurant ChatBot!\n1: Pizza ($10)\n  1: Small ($10)\n  2: Large ($15)\n2: Burger ($8)\n3: Salad ($6)\n4: Pasta ($12)\n5: Soda ($3)\n\nSelect 1 to Place an order\nSelect 99 to checkout order\nSelect 98 to see order history\nSelect 97 to see current order\nSelect 0 to cancel order","timestamp":"2025-05-07T14:34:14.805Z"}
{"level":"info","message":{"deviceId":"test123","input":"1"},"timestamp":"2025-05-07T14:34:31.376Z"}
{"deviceId":"test123","level":"info","message":"Prompted for item selection","timestamp":"2025-05-07T14:34:31.380Z"}
{"deviceId":"test123","level":"info","message":"Sent welcome message","response":"Welcome to the Restaurant ChatBot!\n1: Pizza ($10)\n  1: Small ($10)\n  2: Large ($15)\n2: Burger ($8)\n3: Salad ($6)\n4: Pasta ($12)\n5: Soda ($3)\n\nSelect 1 to Place an order\nSelect 99 to checkout order\nSelect 98 to see order history\nSelect 97 to see current order\nSelect 0 to cancel order","timestamp":"2025-05-07T14:53:58.965Z"}
{"level":"info","message":{"deviceId":"test123","input":"1"},"timestamp":"2025-05-07T14:54:01.449Z"}
{"deviceId":"test123","level":"info","message":"Prompted for item selection","timestamp":"2025-05-07T14:54:01.452Z"}
{"level":"info","message":{"deviceId":"test123","input":"1"},"timestamp":"2025-05-07T14:55:05.925Z"}
{"deviceId":"test123","level":"info","message":"Prompted for sub-menu for item 1","timestamp":"2025-05-07T14:55:05.929Z"}
{"level":"info","message":{"deviceId":"test123","input":"1"},"timestamp":"2025-05-07T14:55:12.845Z"}
{"deviceId":"test123","level":"info","message":"Added item Pizza (Small) to order","order":[{"itemId":1,"name":"Pizza (Small)","price":10,"quantity":1}],"timestamp":"2025-05-07T14:55:12.851Z"}
{"deviceId":"test123","level":"info","message":"Sent welcome message","response":"Welcome to the Restaurant ChatBot!\n1: Pizza ($10)\n  1: Small ($10)\n  2: Large ($15)\n2: Burger ($8)\n3: Salad ($6)\n4: Pasta ($12)\n5: Soda ($3)\n\nSelect 1 to Place an order\nSelect 99 to checkout order\nSelect 98 to see order history\nSelect 97 to see current order\nSelect 0 to cancel order","timestamp":"2025-05-07T14:55:12.853Z"}
{"level":"info","message":{"deviceId":"test123","input":"99"},"timestamp":"2025-05-07T14:56:10.427Z"}
{"deviceId":"test123","level":"info","message":"Order placed","order":[{"itemId":1,"name":"Pizza (Small)","price":10,"quantity":1}],"timestamp":"2025-05-07T14:56:10.435Z"}
{"deviceId":"test123","level":"info","message":"Sent welcome message","response":"Welcome to the Restaurant ChatBot!\n1: Pizza ($10)\n  1: Small ($10)\n  2: Large ($15)\n2: Burger ($8)\n3: Salad ($6)\n4: Pasta ($12)\n5: Soda ($3)\n\nSelect 1 to Place an order\nSelect 99 to checkout order\nSelect 98 to see order history\nSelect 97 to see current order\nSelect 0 to cancel order","timestamp":"2025-05-07T14:56:10.436Z"}
{"deviceId":"test123","level":"info","message":"Sent welcome message","response":"Welcome to the Restaurant ChatBot!\n1: Pizza ($10)\n  1: Small ($10)\n  2: Large ($15)\n2: Burger ($8)\n3: Salad ($6)\n4: Pasta ($12)\n5: Soda ($3)\n\nSelect 1 to Place an order\nSelect 99 to checkout order\nSelect 98 to see order history\nSelect 97 to see current order\nSelect 0 to cancel order","timestamp":"2025-05-07T14:56:36.463Z"}
{"level":"info","message":{"deviceId":"test123","input":"1"},"timestamp":"2025-05-07T14:56:38.323Z"}
{"deviceId":"test123","level":"info","message":"Prompted for item selection","timestamp":"2025-05-07T14:56:38.327Z"}
{"level":"info","message":{"deviceId":"test123","input":"1"},"timestamp":"2025-05-07T14:56:40.518Z"}
{"deviceId":"test123","level":"info","message":"Prompted for sub-menu for item 1","timestamp":"2025-05-07T14:56:40.521Z"}
{"level":"info","message":{"deviceId":"test123","input":"1"},"timestamp":"2025-05-07T14:56:55.366Z"}
{"deviceId":"test123","level":"info","message":"Added item Pizza (Small) to order","order":[{"itemId":1,"name":"Pizza (Small)","price":10,"quantity":1}],"timestamp":"2025-05-07T14:56:55.371Z"}
{"deviceId":"test123","level":"info","message":"Sent welcome message","response":"Welcome to the Restaurant ChatBot!\n1: Pizza ($10)\n  1: Small ($10)\n  2: Large ($15)\n2: Burger ($8)\n3: Salad ($6)\n4: Pasta ($12)\n5: Soda ($3)\n\nSelect 1 to Place an order\nSelect 99 to checkout order\nSelect 98 to see order history\nSelect 97 to see current order\nSelect 0 to cancel order","timestamp":"2025-05-07T14:56:55.372Z"}
{"level":"info","message":{"deviceId":"test123","input":"99"},"timestamp":"2025-05-07T14:57:23.342Z"}
{"deviceId":"test123","level":"info","message":"Order placed","order":[{"itemId":1,"name":"Pizza (Small)","price":10,"quantity":1}],"timestamp":"2025-05-07T14:57:23.349Z"}
{"deviceId":"test123","level":"info","message":"Sent welcome message","response":"Welcome to the Restaurant ChatBot!\n1: Pizza ($10)\n  1: Small ($10)\n  2: Large ($15)\n2: Burger ($8)\n3: Salad ($6)\n4: Pasta ($12)\n5: Soda ($3)\n\nSelect 1 to Place an order\nSelect 99 to checkout order\nSelect 98 to see order history\nSelect 97 to see current order\nSelect 0 to cancel order","timestamp":"2025-05-07T14:57:23.349Z"}
{"level":"info","message":{"deviceId":"test123","input":"99"},"timestamp":"2025-05-07T14:58:04.639Z"}
{"deviceId":"test123","level":"info","message":"No order to checkout","timestamp":"2025-05-07T14:58:04.643Z"}
{"deviceId":"test123","level":"info","message":"Sent welcome message","response":"Welcome to the Restaurant ChatBot!\n1: Pizza ($10)\n  1: Small ($10)\n  2: Large ($15)\n2: Burger ($8)\n3: Salad ($6)\n4: Pasta ($12)\n5: Soda ($3)\n\nSelect 1 to Place an order\nSelect 99 to checkout order\nSelect 98 to see order history\nSelect 97 to see current order\nSelect 0 to cancel order","timestamp":"2025-05-07T14:58:04.644Z"}
{"level":"info","message":{"deviceId":"test123","input":"98"},"timestamp":"2025-05-07T14:58:24.701Z"}
{"deviceId":"test123","level":"info","message":"Sent order history","orders":"Order #1: 1x Pizza (Small) ($10) on 5/7/2025, 3:56:10 PM\nOrder #2: 1x Pizza (Small) ($10) on 5/7/2025, 3:57:23 PM","timestamp":"2025-05-07T14:58:24.767Z"}
{"deviceId":"test123","level":"info","message":"Sent welcome message","response":"Welcome to the Restaurant ChatBot!\n1: Pizza ($10)\n  1: Small ($10)\n  2: Large ($15)\n2: Burger ($8)\n3: Salad ($6)\n4: Pasta ($12)\n5: Soda ($3)\n\nSelect 1 to Place an order\nSelect 99 to checkout order\nSelect 98 to see order history\nSelect 97 to see current order\nSelect 0 to cancel order","timestamp":"2025-05-07T14:58:24.768Z"}
{"level":"info","message":{"deviceId":"test123","input":"abc"},"timestamp":"2025-05-07T15:00:25.988Z"}
{"deviceId":"test123","level":"info","message":"Sent invalid input response","response":"Invalid input: \"abc\" is not a number. Please select a valid option.","timestamp":"2025-05-07T15:00:25.990Z"}
{"level":"info","message":{"deviceId":"test123","input":"100"},"timestamp":"2025-05-07T15:00:31.160Z"}
{"deviceId":"test123","level":"info","message":"Sent invalid input response","response":"Invalid input: \"100\" is not a valid menu option. Please select: 1, 99, 98, 97, 0.","timestamp":"2025-05-07T15:00:31.162Z"}
{"deviceId":"test123","level":"info","message":"Sent welcome message","response":"Welcome to the Restaurant ChatBot!\n1: Pizza ($10)\n  1: Small ($10)\n  2: Large ($15)\n2: Burger ($8)\n3: Salad ($6)\n4: Pasta ($12)\n5: Soda ($3)\n\nSelect 1 to Place an order\nSelect 99 to checkout order\nSelect 98 to see order history\nSelect 97 to see current order\nSelect 0 to cancel order","timestamp":"2025-05-07T17:19:29.973Z"}
{"deviceId":"test123","level":"info","message":"Sent welcome message","response":"Welcome to the Restaurant ChatBot!\n1: Pizza ($10)\n  1: Small ($10)\n  2: Large ($15)\n2: Burger ($8)\n3: Salad ($6)\n4: Pasta ($12)\n5: Soda ($3)\n\nSelect 1 to Place an order\nSelect 99 to checkout order\nSelect 98 to see order history\nSelect 97 to see current order\nSelect 0 to cancel order","timestamp":"2025-05-07T17:20:28.743Z"}
{"deviceId":"test123","level":"info","message":"Sent welcome message","response":"Welcome to the Restaurant ChatBot!\n1: Pizza ($10)\n  1: Small ($10)\n  2: Large ($15)\n2: Burger ($8)\n3: Salad ($6)\n4: Pasta ($12)\n5: Soda ($3)\n\nSelect 1 to Place an order\nSelect 99 to checkout order\nSelect 98 to see order history\nSelect 97 to see current order\nSelect 0 to cancel order","timestamp":"2025-05-07T17:23:13.480Z"}
{"deviceId":"test123","level":"info","message":"Sent welcome message","response":"Welcome to the Restaurant ChatBot!\n1: Pizza ($10)\n  1: Small ($10)\n  2: Large ($15)\n2: Burger ($8)\n3: Salad ($6)\n4: Pasta ($12)\n5: Soda ($3)\n\nSelect 1 to Place an order\nSelect 99 to checkout order\nSelect 98 to see order history\nSelect 97 to see current order\nSelect 0 to cancel order","timestamp":"2025-05-07T17:26:03.509Z"}
